0 info it worked if it ends with ok
1 verbose cli [ 'node',
1 verbose cli   '/usr/local/bin/npm',
1 verbose cli   'install',
1 verbose cli   '--save',
1 verbose cli   'body-parser' ]
2 info using npm@1.4.28
3 info using node@v0.10.33
4 warn package.json peak-landing@1.0.0 No repository field.
5 warn package.json peak-landing@1.0.0 No README data
6 verbose readDependencies using package.json deps
7 verbose cache add [ 'body-parser', null ]
8 verbose cache add name=undefined spec="body-parser" args=["body-parser",null]
9 verbose parsed url { protocol: null,
9 verbose parsed url   slashes: null,
9 verbose parsed url   auth: null,
9 verbose parsed url   host: null,
9 verbose parsed url   port: null,
9 verbose parsed url   hostname: null,
9 verbose parsed url   hash: null,
9 verbose parsed url   search: null,
9 verbose parsed url   query: null,
9 verbose parsed url   pathname: 'body-parser',
9 verbose parsed url   path: 'body-parser',
9 verbose parsed url   href: 'body-parser' }
10 silly lockFile 14cf125c-body-parser body-parser
11 verbose lock body-parser /Users/koenvendrik/.npm/14cf125c-body-parser.lock
12 silly lockFile 14cf125c-body-parser body-parser
13 silly lockFile 14cf125c-body-parser body-parser
14 verbose addNamed [ 'body-parser', '' ]
15 verbose addNamed [ null, '*' ]
16 silly lockFile 9f665704-body-parser body-parser@
17 verbose lock body-parser@ /Users/koenvendrik/.npm/9f665704-body-parser.lock
18 silly addNameRange { name: 'body-parser', range: '*', hasData: false }
19 verbose request where is /body-parser
20 verbose request registry https://registry.npmjs.org/
21 verbose request id 3f9f0628c7241260
22 verbose url raw /body-parser
23 verbose url resolving [ 'https://registry.npmjs.org/', './body-parser' ]
24 verbose url resolved https://registry.npmjs.org/body-parser
25 verbose request where is https://registry.npmjs.org/body-parser
26 info trying registry request attempt 1 at 17:29:49
27 verbose etag "4IFONEC84EE4Q0TS75ZGBCWFC"
28 http GET https://registry.npmjs.org/body-parser
29 http 200 https://registry.npmjs.org/body-parser
30 silly registry.get cb [ 200,
30 silly registry.get   { server: 'CouchDB/1.5.0 (Erlang OTP/R16B03)',
30 silly registry.get     etag: '"BGH0J107V8P5JUBW3EEZRT7DL"',
30 silly registry.get     'content-type': 'application/json',
30 silly registry.get     'cache-control': 'max-age=60',
30 silly registry.get     'content-length': '97614',
30 silly registry.get     'accept-ranges': 'bytes',
30 silly registry.get     date: 'Sat, 06 Jun 2015 15:29:49 GMT',
30 silly registry.get     via: '1.1 varnish',
30 silly registry.get     age: '41',
30 silly registry.get     connection: 'keep-alive',
30 silly registry.get     'x-served-by': 'cache-ams4126-AMS',
30 silly registry.get     'x-cache': 'HIT',
30 silly registry.get     'x-cache-hits': '1',
30 silly registry.get     'x-timer': 'S1433604589.825404,VS0,VE1',
30 silly registry.get     vary: 'Accept' } ]
31 silly addNameRange number 2 { name: 'body-parser', range: '*', hasData: true }
32 silly addNameRange versions [ 'body-parser',
32 silly addNameRange   [ '1.0.0',
32 silly addNameRange     '1.0.1',
32 silly addNameRange     '1.0.2',
32 silly addNameRange     '1.1.0',
32 silly addNameRange     '1.1.1',
32 silly addNameRange     '1.1.2',
32 silly addNameRange     '1.2.0',
32 silly addNameRange     '1.2.1',
32 silly addNameRange     '1.2.2',
32 silly addNameRange     '1.3.0',
32 silly addNameRange     '1.3.1',
32 silly addNameRange     '1.4.0',
32 silly addNameRange     '1.4.1',
32 silly addNameRange     '1.4.2',
32 silly addNameRange     '1.4.3',
32 silly addNameRange     '1.5.0',
32 silly addNameRange     '1.5.1',
32 silly addNameRange     '1.5.2',
32 silly addNameRange     '1.6.0',
32 silly addNameRange     '1.6.1',
32 silly addNameRange     '1.6.2',
32 silly addNameRange     '1.6.3',
32 silly addNameRange     '1.6.4',
32 silly addNameRange     '1.6.5',
32 silly addNameRange     '1.6.6',
32 silly addNameRange     '1.6.7',
32 silly addNameRange     '1.7.0',
32 silly addNameRange     '1.8.0',
32 silly addNameRange     '1.8.1',
32 silly addNameRange     '1.8.2',
32 silly addNameRange     '1.8.3',
32 silly addNameRange     '1.8.4',
32 silly addNameRange     '1.9.0',
32 silly addNameRange     '1.9.1',
32 silly addNameRange     '1.9.2',
32 silly addNameRange     '1.9.3',
32 silly addNameRange     '1.10.0',
32 silly addNameRange     '1.10.1',
32 silly addNameRange     '1.10.2',
32 silly addNameRange     '1.11.0',
32 silly addNameRange     '1.12.0',
32 silly addNameRange     '1.12.1',
32 silly addNameRange     '1.12.2',
32 silly addNameRange     '1.12.3',
32 silly addNameRange     '1.12.4' ] ]
33 verbose addNamed [ 'body-parser', '1.12.4' ]
34 verbose addNamed [ '1.12.4', '1.12.4' ]
35 silly lockFile b06c8939-body-parser-1-12-4 body-parser@1.12.4
36 verbose lock body-parser@1.12.4 /Users/koenvendrik/.npm/b06c8939-body-parser-1-12-4.lock
37 silly lockFile 36923138-dy-parser-body-parser-1-12-4-tgz https://registry.npmjs.org/body-parser/-/body-parser-1.12.4.tgz
38 verbose lock https://registry.npmjs.org/body-parser/-/body-parser-1.12.4.tgz /Users/koenvendrik/.npm/36923138-dy-parser-body-parser-1-12-4-tgz.lock
39 verbose addRemoteTarball [ 'https://registry.npmjs.org/body-parser/-/body-parser-1.12.4.tgz',
39 verbose addRemoteTarball   '090700c4ba28862a8520ef378395fdee5f61c229' ]
40 info retry fetch attempt 1 at 17:29:49
41 verbose fetch to= /var/folders/8k/hzjr4bjx1_d1nkmc6sm_2pfc0000gn/T/npm-3602-3dhXw0Hn/registry.npmjs.org/body-parser/-/body-parser-1.12.4.tgz
42 http GET https://registry.npmjs.org/body-parser/-/body-parser-1.12.4.tgz
43 http 200 https://registry.npmjs.org/body-parser/-/body-parser-1.12.4.tgz
44 silly lockFile 36923138-dy-parser-body-parser-1-12-4-tgz https://registry.npmjs.org/body-parser/-/body-parser-1.12.4.tgz
45 silly lockFile 36923138-dy-parser-body-parser-1-12-4-tgz https://registry.npmjs.org/body-parser/-/body-parser-1.12.4.tgz
46 silly lockFile b06c8939-body-parser-1-12-4 body-parser@1.12.4
47 silly lockFile b06c8939-body-parser-1-12-4 body-parser@1.12.4
48 silly lockFile 9f665704-body-parser body-parser@
49 silly lockFile 9f665704-body-parser body-parser@
50 error Error: EACCES, mkdir '/Users/koenvendrik/.npm/body-parser/1.12.4'
50 error  { [Error: EACCES, mkdir '/Users/koenvendrik/.npm/body-parser/1.12.4']
50 error   errno: 3,
50 error   code: 'EACCES',
50 error   path: '/Users/koenvendrik/.npm/body-parser/1.12.4',
50 error   parent: 'peak-landing' }
51 error Please try running this command again as root/Administrator.
52 error System Darwin 14.0.0
53 error command "node" "/usr/local/bin/npm" "install" "--save" "body-parser"
54 error cwd /Users/koenvendrik/Desktop/form-and-function
55 error node -v v0.10.33
56 error npm -v 1.4.28
57 error path /Users/koenvendrik/.npm/body-parser/1.12.4
58 error code EACCES
59 error errno 3
60 error stack Error: EACCES, mkdir '/Users/koenvendrik/.npm/body-parser/1.12.4'
61 verbose exit [ 3, true ]
